<?xml version="1.0" encoding="UTF-8" ?>
<testsuite tests="1" failures="0" name="CalcTest" time="0.005" errors="0" skipped="0">
  <properties>
    <property name="java.runtime.name" value="Java(TM) SE Runtime Environment"/>
    <property name="java.vm.version" value="15.0.1+9-18"/>
    <property name="sun.boot.library.path" value="C:\Program Files\Java\jdk-15.0.1\bin"/>
    <property name="maven.multiModuleProjectDirectory" value="H:/Project/git-java-app/calc"/>
    <property name="java.vm.vendor" value="Oracle Corporation"/>
    <property name="java.vendor.url" value="https://java.oracle.com/"/>
    <property name="guice.disable.misplaced.annotation.check" value="true"/>
    <property name="path.separator" value=";"/>
    <property name="java.vm.name" value="Java HotSpot(TM) 64-Bit Server VM"/>
    <property name="sun.os.patch.level" value=""/>
    <property name="user.script" value=""/>
    <property name="user.country" value="KR"/>
    <property name="sun.java.launcher" value="SUN_STANDARD"/>
    <property name="java.vm.specification.name" value="Java Virtual Machine Specification"/>
    <property name="user.dir" value="H:\Project\git-java-app\calc"/>
    <property name="java.vm.compressedOopsMode" value="32-bit"/>
    <property name="java.runtime.version" value="15.0.1+9-18"/>
    <property name="os.arch" value="amd64"/>
    <property name="java.io.tmpdir" value="C:\Users\Hoseop\AppData\Local\Temp\"/>
    <property name="line.separator" value="
"/>
    <property name="java.vm.specification.vendor" value="Oracle Corporation"/>
    <property name="user.variant" value=""/>
    <property name="os.name" value="Windows 10"/>
    <property name="classworlds.conf" value="H:/Develope/apache-maven-3.6.3/bin/m2.conf"/>
    <property name="sun.jnu.encoding" value="MS949"/>
    <property name="java.library.path" value="C:\Program Files\Java\jdk-15.0.1\bin;C:\WINDOWS\Sun\Java\bin;C:\WINDOWS\system32;C:\WINDOWS;C:\Users\Hoseop\bin;H:\Git\Git\mingw64\bin;H:\Git\Git\usr\local\bin;H:\Git\Git\usr\bin;H:\Git\Git\usr\bin;H:\Git\Git\mingw64\bin;H:\Git\Git\usr\bin;C:\Users\Hoseop\bin;C:\Program Files (x86)\Graphviz2.38\bin\dot.exe;C:\Windows\system32;C:\Windows;C:\Windows\System32\Wbem;C:\Windows\System32\WindowsPowerShell\v1.0;C:\Program Files (x86)\NVIDIA Corporation\PhysX\Common;C:\WINDOWS\system32;C:\WINDOWS;C:\WINDOWS\System32\Wbem;C:\WINDOWS\System32\WindowsPowerShell\v1.0;C:\WINDOWS\System32\OpenSSH;C:\Program Files\NVIDIA Corporation\NVIDIA NvDLISR;C:\Program Files\PuTTY;H:\Git\Git\cmd;C:\Program Files\NVIDIA Corporation\Nsight Compute 2019.5.0;C:\Program Files\dotnet;C:\WINDOWS\system32;C:\WINDOWS;C:\WINDOWS\System32\Wbem;C:\WINDOWS\System32\WindowsPowerShell\v1.0;C:\WINDOWS\System32\OpenSSH;C:\Program Files (x86)\Windows Kits\10\Windows Performance Toolkit;H:\Develope\Nodejs;C:\Program Files\Docker\Docker\resources\bin;C:\ProgramData\DockerDesktop\version-bin;H:\Develope\apache-maven-3.6.3\bin;C:\Program Files\Java\jdk-15.0.1\bin;C:\Program Files (x86)\Graphviz2.38\bin;C:\Users\Hoseop\AppData\Local\Programs\Python\Python38-32\Scripts;C:\Users\Hoseop\AppData\Local\Programs\Python\Python38-32;H:\Anaconda3;H:\Anaconda3\Library\mingw-w64\bin;H:\Anaconda3\Library\usr\bin;H:\Anaconda3\Library\bin;H:\Anaconda3\Scripts;C:\Users\Hoseop\AppData\Local\Microsoft\WindowsApps;C:\Program Files\Bandizip;H:\JetBrains\PyCharm Community Edition 2020.1\bin;C:\Users\Hoseop\Desktop\cuda\bin;C:\Users\Hoseop\Desktop\cuda\include;C:\Users\Hoseop\Desktop\cuda\lib;H:\KNU_OCR\Tesseract-OCR;C:\Program Files\Java\jre1.8.0_251bin;C:\Users\Hoseop\AppData\Local\GitHubDesktop\bin;C:\Users\Hoseop\AppData\Roaming\npm;C:\Users\Hoseop\AppData\Local\atom\bin;C:\Users\Hoseop\AppData\Local\Google\Cloud SDK\google-cloud-sdk\bin;H:\Git\Git\usr\bin\vendor_perl;H:\Git\Git\usr\bin\core_perl;."/>
    <property name="maven.conf" value="H:/Develope/apache-maven-3.6.3/conf"/>
    <property name="jdk.debug" value="release"/>
    <property name="java.class.version" value="59.0"/>
    <property name="java.specification.name" value="Java Platform API Specification"/>
    <property name="sun.management.compiler" value="HotSpot 64-Bit Tiered Compilers"/>
    <property name="os.version" value="10.0"/>
    <property name="library.jansi.path" value="H:/Develope/apache-maven-3.6.3/lib/jansi-native"/>
    <property name="user.home" value="C:\Users\Hoseop"/>
    <property name="user.timezone" value="Asia/Seoul"/>
    <property name="file.encoding" value="MS949"/>
    <property name="java.specification.version" value="15"/>
    <property name="user.name" value="Hoseop"/>
    <property name="java.class.path" value="H:/Develope/apache-maven-3.6.3/boot/plexus-classworlds-2.6.0.jar"/>
    <property name="java.vm.specification.version" value="15"/>
    <property name="sun.arch.data.model" value="64"/>
    <property name="sun.java.command" value="org.codehaus.plexus.classworlds.launcher.Launcher test"/>
    <property name="java.home" value="C:\Program Files\Java\jdk-15.0.1"/>
    <property name="user.language" value="ko"/>
    <property name="java.specification.vendor" value="Oracle Corporation"/>
    <property name="java.vm.info" value="mixed mode, sharing"/>
    <property name="java.version" value="15.0.1"/>
    <property name="java.vendor" value="Oracle Corporation"/>
    <property name="maven.home" value="H:\Develope\apache-maven-3.6.3"/>
    <property name="file.separator" value="\"/>
    <property name="java.version.date" value="2020-10-20"/>
    <property name="java.vendor.url.bug" value="https://bugreport.java.com/bugreport/"/>
    <property name="sun.io.unicode.encoding" value="UnicodeLittle"/>
    <property name="sun.cpu.endian" value="little"/>
    <property name="sun.cpu.isalist" value="amd64"/>
  </properties>
  <testcase classname="CalcTest" name="testAdd" time="0.005"/>
</testsuite>